Successfully retrieved statistics for job: 42495088.
+------------------------------------------------------------------------------+
| GPU ID: 1                                                                    |
+====================================+=========================================+
|-----  Execution Stats  ------------+-----------------------------------------|
| Start Time                         | Thu Nov 20 15:51:40 2025                |
| End Time                           | Thu Nov 20 16:44:14 2025                |
| Total Execution Time (sec)         | 3153.75                                 |
| No. of Processes                   | 3                                       |
+-----  Performance Stats  ----------+-----------------------------------------+
| Energy Consumed (Joules)           | 353014                                  |
| Power Usage (Watts)                | Avg: 111.522, Max: 246.634, Min: 33.625 |
| Max GPU Memory Used (bytes)        | 5794430976                              |
| SM Clock (MHz)                     | Avg: 838, Max: 1890, Min: 300           |
| Memory Clock (MHz)                 | Avg: 2980, Max: 7000, Min: 405          |
| SM Utilization (%)                 | Avg: 36, Max: 99, Min: 0                |
| Memory Utilization (%)             | Avg: 22, Max: 65, Min: 0                |
| PCIe Rx Bandwidth (megabytes)      | Avg: N/A, Max: N/A, Min: N/A            |
| PCIe Tx Bandwidth (megabytes)      | Avg: N/A, Max: N/A, Min: N/A            |
+-----  Event Stats  ----------------+-----------------------------------------+
| Single Bit ECC Errors              | 0                                       |
| Double Bit ECC Errors              | 0                                       |
| PCIe Replay Warnings               | 0                                       |
| Critical XID Errors                | 0                                       |
+-----  Slowdown Stats  -------------+-----------------------------------------+
| Due to - Power (%)                 | 0                                       |
|        - Thermal (%)               | 0                                       |
|        - Reliability (%)           | Not Supported                           |
|        - Board Limit (%)           | Not Supported                           |
|        - Low Utilization (%)       | Not Supported                           |
|        - Sync Boost (%)            | 0                                       |
+--  Compute Process Utilization  ---+-----------------------------------------+
| PID                                | 3893149                                 |
|     Avg SM Utilization (%)         | 32                                      |
|     Avg Memory Utilization (%)     | 20                                      |
| PID                                | 3896657                                 |
|     Avg SM Utilization (%)         | 29                                      |
|     Avg Memory Utilization (%)     | 18                                      |
| PID                                | 3898243                                 |
|     Avg SM Utilization (%)         | 30                                      |
|     Avg Memory Utilization (%)     | 19                                      |
+-----  Overall Health  -------------+-----------------------------------------+
| Overall Health                     | Healthy                                 |
+------------------------------------+-----------------------------------------+
